2017-06-30 11:06:50,562 [Config.LoadConfig] [1] [INFO ] Load Config file, cfgPath = ../config/
2017-06-30 11:06:54,182 [Config.LoadConfig] [1] [INFO ] Load Config file, cfgPath = ../config/
2017-06-30 11:07:05,606 [ClientConfig.LoadConfig] [1] [INFO ] Load Config file, cfgPath = C:\Users\tangcheng.xu\Desktop\DI 版本\QuoteClassify\bin\Debug/../config/
2017-06-30 11:07:05,608 [CommandParse.LoadCommand] [1] [INFO ] Load command file, filePath = C:\Users\tangcheng.xu\Desktop\DI 版本\QuoteClassify\bin\Debug/../config/
2017-06-30 11:07:05,609 [DataBusManager.Initialize] [1] [INFO ] Initialize, Version = 2016-02-26
2017-06-30 11:07:05,610 [ConnectThread.ThreadEntrance] [8] [INFO ] Start Connect Thread...
2017-06-30 11:07:05,610 [ConnectThread.Connect] [8] [INFO ] Connect to server, addr = 192.168.1.242 port = 6666
2017-06-30 11:07:05,611 [ConnectThread.ThreadEntrance] [8] [INFO ] Connect Success!
2017-06-30 11:07:05,612 [MsgSendThread.ThreadEntrance] [9] [INFO ] Start Message Send Thread...
2017-06-30 11:07:05,613 [MsgReceiveThread.ThreadEntrance] [10] [INFO ] Start Message Receive Thread...
2017-06-30 11:07:05,613 [TimeOutThread.ThreadEntrance] [11] [INFO ] Start time out check Thread...
2017-06-30 11:07:05,613 [MsgLoopThread.ThreadEntrance] [12] [INFO ] Start Message Loop Thread...
2017-06-30 11:07:05,613 [MsgLoopThread.ThreadEntrance] [13] [INFO ] Start Message Loop Thread...
2017-06-30 11:07:05,613 [MsgLoopThread.ThreadEntrance] [15] [INFO ] Start Message Loop Thread...
2017-06-30 11:07:05,613 [MsgLoopThread.ThreadEntrance] [14] [INFO ] Start Message Loop Thread...
2017-06-30 11:07:05,767 [ConnectThread.ThreadEntrance] [8] [INFO ] End Connect Thread...
2017-06-30 11:07:05,768 [HeartBeatThread.ThreadEntrance] [5] [INFO ] Start HeartBeat Thread...
2017-06-30 11:07:13,752 [ClientConfig.LoadConfig] [1] [INFO ] Load Config file, cfgPath = C:\Users\tangcheng.xu\Desktop\DI 版本\QuoteClassify\bin\Debug/../config/
2017-06-30 11:07:13,752 [CommandParse.LoadCommand] [1] [INFO ] Load command file, filePath = C:\Users\tangcheng.xu\Desktop\DI 版本\QuoteClassify\bin\Debug/../config/
2017-06-30 11:07:13,752 [DataBusManager.Initialize] [1] [INFO ] Initialize, Version = 2016-02-26
2017-06-30 11:07:13,753 [ConnectThread.ThreadEntrance] [16] [INFO ] Start Connect Thread...
2017-06-30 11:07:13,753 [ConnectThread.Connect] [16] [INFO ] Connect to server, addr = 192.168.1.242 port = 6666
2017-06-30 11:07:13,753 [ConnectThread.ThreadEntrance] [16] [INFO ] Connect Success!
2017-06-30 11:07:13,753 [MsgSendThread.ThreadEntrance] [17] [INFO ] Start Message Send Thread...
2017-06-30 11:07:13,753 [MsgReceiveThread.ThreadEntrance] [18] [INFO ] Start Message Receive Thread...
2017-06-30 11:07:13,753 [TimeOutThread.ThreadEntrance] [19] [INFO ] Start time out check Thread...
2017-06-30 11:07:13,753 [MsgLoopThread.ThreadEntrance] [20] [INFO ] Start Message Loop Thread...
2017-06-30 11:07:13,754 [MsgLoopThread.ThreadEntrance] [21] [INFO ] Start Message Loop Thread...
2017-06-30 11:07:13,754 [MsgLoopThread.ThreadEntrance] [22] [INFO ] Start Message Loop Thread...
2017-06-30 11:07:13,754 [MsgLoopThread.ThreadEntrance] [23] [INFO ] Start Message Loop Thread...
2017-06-30 11:07:13,804 [ConnectThread.ThreadEntrance] [16] [INFO ] End Connect Thread...
2017-06-30 11:07:13,804 [HeartBeatThread.ThreadEntrance] [24] [INFO ] Start HeartBeat Thread...
2017-06-30 11:07:45,419 [DataBusManager.Close] [1] [INFO ] Close
2017-06-30 11:07:45,420 [MsgReceiveThread.ThreadEntrance] [18] [INFO ] End Message Receive Thread...
2017-06-30 11:07:45,453 [TimeOutThread.ThreadEntrance] [19] [INFO ] End time out check Thread...
2017-06-30 11:07:45,453 [MsgLoopThread.ThreadEntrance] [20] [INFO ] End Message Loop Thread...
2017-06-30 11:07:45,453 [MsgSendThread.ThreadEntrance] [17] [INFO ] End Message Send Thread...
2017-06-30 11:07:45,454 [MsgLoopThread.ThreadEntrance] [22] [INFO ] End Message Loop Thread...
2017-06-30 11:07:45,454 [MsgLoopThread.ThreadEntrance] [21] [INFO ] End Message Loop Thread...
2017-06-30 11:07:45,454 [MsgLoopThread.ThreadEntrance] [23] [INFO ] End Message Loop Thread...
2017-06-30 11:07:48,441 [Config.LoadConfig] [1] [INFO ] Load Config file, cfgPath = ../config/
2017-06-30 11:07:48,824 [HeartBeatThread.ThreadEntrance] [24] [INFO ] End HeartBeat Thread...
2017-06-30 11:08:00,681 [OnlineQuoteModForm.buttonOK_Click] [1] [ERROR]    在 System.Number.StringToNumber(String str, NumberStyles options, NumberBuffer& number, NumberFormatInfo info, Boolean parseDecimal)
   在 System.Number.ParseInt32(String s, NumberStyles style, NumberFormatInfo info)
   在 System.Int32.Parse(String s)
   在 QuoteClassify.form.OnlineQuoteModForm.buttonOK_Click(Object sender, EventArgs e) 位置 C:\Users\tangcheng.xu\Desktop\DI 版本\QuoteClassify\form\OnlineQuoteModForm.cs:行号 109
2017-06-30 14:04:31,149 [Config.LoadConfig] [1] [INFO ] Load Config file, cfgPath = ../config/
2017-06-30 14:04:34,539 [Config.LoadConfig] [1] [INFO ] Load Config file, cfgPath = ../config/
2017-06-30 14:06:55,198 [Config.LoadConfig] [1] [INFO ] Load Config file, cfgPath = ../config/
2017-06-30 14:06:58,597 [Config.LoadConfig] [1] [INFO ] Load Config file, cfgPath = ../config/
2017-06-30 14:18:11,760 [Config.LoadConfig] [1] [INFO ] Load Config file, cfgPath = ../config/
2017-06-30 14:18:15,037 [Config.LoadConfig] [1] [INFO ] Load Config file, cfgPath = ../config/
2017-06-30 14:23:58,184 [Config.LoadConfig] [1] [INFO ] Load Config file, cfgPath = ../config/
2017-06-30 14:24:01,612 [Config.LoadConfig] [1] [INFO ] Load Config file, cfgPath = ../config/
