2017-07-03 09:15:17,028 [Config.LoadConfig] [1] [INFO ] Load Config file, cfgPath = ../config/
2017-07-03 09:15:20,634 [Config.LoadConfig] [1] [INFO ] Load Config file, cfgPath = ../config/
2017-07-03 10:07:17,553 [Config.LoadConfig] [1] [INFO ] Load Config file, cfgPath = ../config/
2017-07-03 10:07:30,090 [Config.LoadConfig] [1] [INFO ] Load Config file, cfgPath = ../config/
2017-07-03 10:07:52,406 [Config.LoadConfig] [1] [INFO ] Load Config file, cfgPath = ../config/
2017-07-03 10:08:02,284 [Config.LoadConfig] [1] [INFO ] Load Config file, cfgPath = ../config/
2017-07-03 10:08:16,373 [Config.LoadConfig] [1] [INFO ] Load Config file, cfgPath = ../config/
2017-07-03 10:08:24,522 [Config.LoadConfig] [1] [INFO ] Load Config file, cfgPath = ../config/
2017-07-03 10:08:35,976 [Config.LoadConfig] [1] [INFO ] Load Config file, cfgPath = ../config/
2017-07-03 10:08:43,963 [Config.LoadConfig] [1] [INFO ] Load Config file, cfgPath = ../config/
2017-07-03 14:03:28,353 [Config.LoadConfig] [1] [INFO ] Load Config file, cfgPath = ../config/
2017-07-03 14:03:32,863 [Config.LoadConfig] [1] [INFO ] Load Config file, cfgPath = ../config/
2017-07-03 14:03:36,200 [ClientConfig.LoadConfig] [1] [INFO ] Load Config file, cfgPath = C:\Users\tangcheng.xu\Desktop\DI °æ±¾\QuoteClassify\bin\Debug/../config/
2017-07-03 14:03:36,202 [CommandParse.LoadCommand] [1] [INFO ] Load command file, filePath = C:\Users\tangcheng.xu\Desktop\DI °æ±¾\QuoteClassify\bin\Debug/../config/
2017-07-03 14:03:36,203 [DataBusManager.Initialize] [1] [INFO ] Initialize, Version = 2016-02-26
2017-07-03 14:03:36,203 [ConnectThread.ThreadEntrance] [8] [INFO ] Start Connect Thread...
2017-07-03 14:03:36,204 [ConnectThread.Connect] [8] [INFO ] Connect to server, addr = 192.168.1.242 port = 6666
2017-07-03 14:03:36,204 [ConnectThread.ThreadEntrance] [8] [INFO ] Connect Success!
2017-07-03 14:03:36,206 [MsgSendThread.ThreadEntrance] [9] [INFO ] Start Message Send Thread...
2017-07-03 14:03:36,206 [MsgReceiveThread.ThreadEntrance] [10] [INFO ] Start Message Receive Thread...
2017-07-03 14:03:36,206 [TimeOutThread.ThreadEntrance] [11] [INFO ] Start time out check Thread...
2017-07-03 14:03:36,207 [MsgLoopThread.ThreadEntrance] [12] [INFO ] Start Message Loop Thread...
2017-07-03 14:03:36,207 [MsgLoopThread.ThreadEntrance] [13] [INFO ] Start Message Loop Thread...
2017-07-03 14:03:36,207 [MsgLoopThread.ThreadEntrance] [14] [INFO ] Start Message Loop Thread...
2017-07-03 14:03:36,207 [MsgLoopThread.ThreadEntrance] [15] [INFO ] Start Message Loop Thread...
2017-07-03 14:03:36,361 [ConnectThread.ThreadEntrance] [8] [INFO ] End Connect Thread...
2017-07-03 14:03:36,362 [HeartBeatThread.ThreadEntrance] [16] [INFO ] Start HeartBeat Thread...
2017-07-03 14:03:54,606 [DataBusManager.Close] [1] [INFO ] Close
2017-07-03 14:03:54,607 [MsgReceiveThread.ThreadEntrance] [10] [INFO ] End Message Receive Thread...
2017-07-03 14:03:54,607 [MsgLoopThread.ThreadEntrance] [13] [INFO ] End Message Loop Thread...
2017-07-03 14:03:54,607 [MsgLoopThread.ThreadEntrance] [12] [INFO ] End Message Loop Thread...
2017-07-03 14:03:54,607 [TimeOutThread.ThreadEntrance] [11] [INFO ] End time out check Thread...
2017-07-03 14:03:54,608 [MsgLoopThread.ThreadEntrance] [15] [INFO ] End Message Loop Thread...
2017-07-03 14:03:54,610 [MsgLoopThread.ThreadEntrance] [14] [INFO ] End Message Loop Thread...
2017-07-03 14:03:54,656 [MsgSendThread.ThreadEntrance] [9] [INFO ] End Message Send Thread...
2017-07-03 14:03:56,366 [HeartBeatThread.ThreadEntrance] [16] [INFO ] End HeartBeat Thread...
2017-07-03 14:03:58,142 [Config.LoadConfig] [1] [INFO ] Load Config file, cfgPath = ../config/
