2017-07-05 16:25:16,767 [Config.LoadConfig] [1] [INFO ] Load Config file, cfgPath = ../config/
2017-07-05 16:25:20,661 [Config.LoadConfig] [1] [INFO ] Load Config file, cfgPath = ../config/
2017-07-05 16:25:27,221 [ClientConfig.LoadConfig] [1] [INFO ] Load Config file, cfgPath = C:\Users\tangcheng.xu\Desktop\DI °æ±¾\QuoteClassify\bin\Debug/../config/
2017-07-05 16:25:27,248 [CommandParse.LoadCommand] [1] [INFO ] Load command file, filePath = C:\Users\tangcheng.xu\Desktop\DI °æ±¾\QuoteClassify\bin\Debug/../config/
2017-07-05 16:25:27,279 [DataBusManager.Initialize] [1] [INFO ] Initialize, Version = 2016-02-26
2017-07-05 16:25:27,280 [ConnectThread.ThreadEntrance] [8] [INFO ] Start Connect Thread...
2017-07-05 16:25:27,280 [ConnectThread.Connect] [8] [INFO ] Connect to server, addr = 192.168.1.242 port = 6666
2017-07-05 16:25:27,280 [ConnectThread.ThreadEntrance] [8] [INFO ] Connect Success!
2017-07-05 16:25:27,282 [MsgSendThread.ThreadEntrance] [9] [INFO ] Start Message Send Thread...
2017-07-05 16:25:27,283 [TimeOutThread.ThreadEntrance] [11] [INFO ] Start time out check Thread...
2017-07-05 16:25:27,305 [MsgReceiveThread.ThreadEntrance] [10] [INFO ] Start Message Receive Thread...
2017-07-05 16:25:27,305 [MsgLoopThread.ThreadEntrance] [12] [INFO ] Start Message Loop Thread...
2017-07-05 16:25:27,305 [MsgLoopThread.ThreadEntrance] [13] [INFO ] Start Message Loop Thread...
2017-07-05 16:25:27,305 [MsgLoopThread.ThreadEntrance] [14] [INFO ] Start Message Loop Thread...
2017-07-05 16:25:27,305 [MsgLoopThread.ThreadEntrance] [15] [INFO ] Start Message Loop Thread...
2017-07-05 16:25:27,430 [ConnectThread.ThreadEntrance] [8] [INFO ] End Connect Thread...
2017-07-05 16:25:27,431 [HeartBeatThread.ThreadEntrance] [16] [INFO ] Start HeartBeat Thread...
2017-07-05 16:25:40,362 [DataBusManager.Close] [1] [INFO ] Close
2017-07-05 16:25:40,362 [MsgReceiveThread.ThreadEntrance] [10] [INFO ] End Message Receive Thread...
2017-07-05 16:25:40,384 [MsgSendThread.ThreadEntrance] [9] [INFO ] End Message Send Thread...
2017-07-05 16:25:40,384 [TimeOutThread.ThreadEntrance] [11] [INFO ] End time out check Thread...
2017-07-05 16:25:40,405 [MsgLoopThread.ThreadEntrance] [12] [INFO ] End Message Loop Thread...
2017-07-05 16:25:40,405 [MsgLoopThread.ThreadEntrance] [15] [INFO ] End Message Loop Thread...
2017-07-05 16:25:40,406 [MsgLoopThread.ThreadEntrance] [14] [INFO ] End Message Loop Thread...
2017-07-05 16:25:40,408 [MsgLoopThread.ThreadEntrance] [13] [INFO ] End Message Loop Thread...
2017-07-05 16:25:42,478 [HeartBeatThread.ThreadEntrance] [16] [INFO ] End HeartBeat Thread...
2017-07-05 16:25:43,440 [Config.LoadConfig] [1] [INFO ] Load Config file, cfgPath = ../config/
